C51 COMPILER V9.60.0.0   MAIN                                                              08/25/2019 01:43:03 PAGE 1   


C51 COMPILER V9.60.0.0, COMPILATION OF MODULE MAIN
OBJECT MODULE PLACED IN .\Objects\main.obj
COMPILER INVOKED BY: A:\Learning Tools\KeiC 5\Keilc_C51\C51\BIN\C51.EXE main.c OPTIMIZE(8,SPEED) BROWSE DEBUG OBJECTEXTE
                    -ND PRINT(.\Listings\main.lst) TABS(2) OBJECT(.\Objects\main.obj)

line level    source

   1          #include <REGX52.H>
   2          #include<stdio.h>
   3          void delay(int time){
   4   1          while(time--);
   5   1      }
   6          
   7          void main(){
   8   1        while(1){
   9   2        P0 = P2 = 0;
  10   2        delay(10000);
  11   2        P0 = P2 = 0xFF;
  12   2        delay(10000);
  13   2        }
  14   1      }
  15            


MODULE INFORMATION:   STATIC OVERLAYABLE
   CODE SIZE        =     38    ----
   CONSTANT SIZE    =   ----    ----
   XDATA SIZE       =   ----    ----
   PDATA SIZE       =   ----    ----
   DATA SIZE        =   ----    ----
   IDATA SIZE       =   ----    ----
   BIT SIZE         =   ----    ----
END OF MODULE INFORMATION.


C51 COMPILATION COMPLETE.  0 WARNING(S),  0 ERROR(S)
