C51 COMPILER V9.60.0.0   MAIN                                                              09/02/2019 17:45:18 PAGE 1   


C51 COMPILER V9.60.0.0, COMPILATION OF MODULE MAIN
OBJECT MODULE PLACED IN .\Objects\main.obj
COMPILER INVOKED BY: A:\Learning Tools\KeiC 5\Keilc_C51\C51\BIN\C51.EXE main.c OPTIMIZE(8,SPEED) BROWSE DEBUG OBJECTEXTE
                    -ND PRINT(.\Listings\main.lst) TABS(2) OBJECT(.\Objects\main.obj)

line level    source

   1          #include <REGX51.H>
   2          
   3          void delay_ms(){
   4   1        TMOD = 0x01;       // timer 0, che do 1
   5   1        TH0 = 0x03;
   6   1        TL0 = 0x99;
   7   1        TR0 = 1;  
   8   1        while(!TF0);        //neu TF0 = 1 tuc tran bo dem can lap lai
   9   1        TF0 = 0;  
  10   1        TR0 = 0;            // dung timer 0 
  11   1      }
  12          
  13          void main(){
  14   1        P3_0 = 0;
  15   1        while(1){
  16   2          P3_0 = ~P3_0;
  17   2          delay_ms();
  18   2        }
  19   1      }


MODULE INFORMATION:   STATIC OVERLAYABLE
   CODE SIZE        =     28    ----
   CONSTANT SIZE    =   ----    ----
   XDATA SIZE       =   ----    ----
   PDATA SIZE       =   ----    ----
   DATA SIZE        =   ----    ----
   IDATA SIZE       =   ----    ----
   BIT SIZE         =   ----    ----
END OF MODULE INFORMATION.


C51 COMPILATION COMPLETE.  0 WARNING(S),  0 ERROR(S)
