C51 COMPILER V9.60.0.0   ADC0808                                                           10/06/2019 22:43:18 PAGE 1   


C51 COMPILER V9.60.0.0, COMPILATION OF MODULE ADC0808
OBJECT MODULE PLACED IN .\Objects\ADC0808.obj
COMPILER INVOKED BY: A:\Learning Tools\KeiC 5\Keilc_C51\C51\BIN\C51.EXE ADC0808.c OPTIMIZE(8,SPEED) BROWSE DEBUG OBJECTE
                    -XTEND PRINT(.\Listings\ADC0808.lst) TABS(2) OBJECT(.\Objects\ADC0808.obj)

line level    source

   1          #include "ADC0808.h"
   2          #include "port.h"
   3          #include <REGX51.H>
   4          
   5          void ADC0808_Init()
   6          {
   7   1        START = 0;
   8   1        ALE = 0;
   9   1        OE = 0; 
  10   1      }
  11          
  12          unsigned char ADC0808_Read(unsigned char channel)
  13          {
  14   1        unsigned char kq;
  15   1      
  16   1        ADDA = channel & 0x01;
  17   1        ADDB = channel & 0x02;
  18   1        ADDC = channel & 0x04;
  19   1      
  20   1        ALE = 1;
  21   1        START = 1;
  22   1        ALE = 0;
  23   1        START = 0;
  24   1      
  25   1        while(EOC);
  26   1        while(!EOC);
  27   1      
  28   1        OE = 1;
  29   1        kq = DATA;
  30   1        OE = 0;
  31   1      
  32   1        return kq;
  33   1      }


MODULE INFORMATION:   STATIC OVERLAYABLE
   CODE SIZE        =     41    ----
   CONSTANT SIZE    =   ----    ----
   XDATA SIZE       =   ----    ----
   PDATA SIZE       =   ----    ----
   DATA SIZE        =   ----    ----
   IDATA SIZE       =   ----    ----
   BIT SIZE         =   ----    ----
END OF MODULE INFORMATION.


C51 COMPILATION COMPLETE.  0 WARNING(S),  0 ERROR(S)
