C51 COMPILER V9.60.0.0   LCD16X2                                                           10/06/2019 22:43:18 PAGE 1   


C51 COMPILER V9.60.0.0, COMPILATION OF MODULE LCD16X2
OBJECT MODULE PLACED IN .\Objects\LCD16x2.obj
COMPILER INVOKED BY: A:\Learning Tools\KeiC 5\Keilc_C51\C51\BIN\C51.EXE LCD16x2.c OPTIMIZE(8,SPEED) BROWSE DEBUG OBJECTE
                    -XTEND PRINT(.\Listings\LCD16x2.lst) TABS(2) OBJECT(.\Objects\LCD16x2.obj)

line level    source

   1          #include "lcd16x2.h"
   2          #include "port.h"
   3          #include <REGX51.H>
   4          #include "delay.h"
   5          #icnlude "string.h"
*** WARNING C315 IN LINE 5 OF LCD16x2.c: unknown #directive 'icnlude'
   6          
   7          void Lcd_Write_High_Nibble(unsigned char b)
   8          {
   9   1        LCD_D7 = b & 0x80;
  10   1        LCD_D6 = b & 0x40;
  11   1        LCD_D5 = b & 0x20;
  12   1        LCD_D4 = b & 0x10;  
  13   1      }
  14          
  15          void Lcd_Write_Low_Nibble(unsigned char b)
  16          {
  17   1        LCD_D7 = b & 0x08;
  18   1        LCD_D6 = b & 0x04;
  19   1        LCD_D5 = b & 0x02;
  20   1        LCD_D4 = b & 0x01;
  21   1      }
  22          
  23          /*-------------------------------------*-
  24            Lcd_Delay_us - Local Function
  25          -*-------------------------------------*/
  26          void Lcd_Delay_us(unsigned char t)
  27          {
  28   1        while(t--);
  29   1      }
  30          
  31          void Lcd_Init()
  32          { 
  33   1        LCD_RS = 0;
  34   1        LCD_EN = 0;
  35   1      
  36   1        LCD_RW = 0;
  37   1      
  38   1        Delay_ms(20);
  39   1      
  40   1        Lcd_Write_Low_Nibble(0x03);
  41   1        LCD_EN = 1;
  42   1        LCD_EN = 0;
  43   1          Delay_ms(5);
  44   1      
  45   1        Lcd_Write_Low_Nibble(0x03);
  46   1        LCD_EN = 1;
  47   1        LCD_EN = 0;
  48   1          Lcd_Delay_us(100);
  49   1      
  50   1        Lcd_Write_Low_Nibble(0x03);
  51   1        LCD_EN = 1;
  52   1        LCD_EN = 0;
  53   1      
C51 COMPILER V9.60.0.0   LCD16X2                                                           10/06/2019 22:43:18 PAGE 2   

  54   1      
  55   1        Lcd_Write_Low_Nibble(0x02);
  56   1        LCD_EN = 1;
  57   1        LCD_EN = 0;
  58   1        Delay_ms(1);
  59   1          
  60   1        Lcd_Cmd(_LCD_4BIT_2LINE_5x7FONT);
  61   1        Lcd_Cmd(_LCD_TURN_ON);
  62   1        Lcd_Cmd(_LCD_CLEAR);
  63   1        Lcd_Cmd(_LCD_ENTRY_MODE);
  64   1      }
  65          
  66          /*-------------------------------------*-
  67            Lcd_Cmd
  68            - Gui lenh cho LCD
  69          -*-------------------------------------*/
  70          void Lcd_Cmd(unsigned char cmd)
  71          {
  72   1      
  73   1        LCD_RS = 0;
  74   1        Lcd_Write_High_Nibble(cmd); 
  75   1        LCD_EN = 1;
  76   1        LCD_EN = 0;
  77   1      
  78   1        Lcd_Write_Low_Nibble(cmd);
  79   1        LCD_EN = 1;
  80   1        LCD_EN = 0;
  81   1      
  82   1        switch(cmd)
  83   1        {
  84   2          case _LCD_CLEAR:
  85   2          case _LCD_RETURN_HOME:
  86   2            Delay_ms(2);
  87   2            break;
  88   2          default:
  89   2            Lcd_Delay_us(37);
  90   2            break;
  91   2        }
  92   1      }
  93          
  94          /*-------------------------------------*-
  95            Lcd_Chr
  96            - In ky tu ra man hinh tai (row, column)
  97          -*-------------------------------------*/
  98          void Lcd_Chr(unsigned char row, unsigned char column, 
  99            unsigned char out_char)
 100          {
 101   1        unsigned char add;
 102   1        add = (row==1?0x80:0xC0);
 103   1        add += (column - 1);
 104   1        Lcd_Cmd(add);
 105   1        Lcd_Chr_Cp(out_char);
 106   1      }
 107          
 108          /*-------------------------------------*-
 109            Lcd_Out
 110            - In chuoi (text) ra man hinh
 111            - Vi tri bat dau tai (row, column)
 112          -*-------------------------------------*/
 113          void Lcd_Out(unsigned char row, unsigned char column, 
 114            unsigned char* text)
 115          {
C51 COMPILER V9.60.0.0   LCD16X2                                                           10/06/2019 22:43:18 PAGE 3   

 116   1        unsigned char add;
 117   1        add = (row==1?0x80:0xC0);
 118   1        add += (column - 1);
 119   1        Lcd_Cmd(add);
 120   1        Lcd_Out_Cp(text); 
 121   1      }
 122          
 123          void Lcd_Clear(){
 124   1        Lcd_Cmd(_LCD_CLEAR);
 125   1      }


MODULE INFORMATION:   STATIC OVERLAYABLE
   CODE SIZE        =    230    ----
   CONSTANT SIZE    =   ----    ----
   XDATA SIZE       =   ----    ----
   PDATA SIZE       =   ----    ----
   DATA SIZE        =   ----       4
   IDATA SIZE       =   ----    ----
   BIT SIZE         =   ----    ----
END OF MODULE INFORMATION.


C51 COMPILATION COMPLETE.  1 WARNING(S),  0 ERROR(S)
