C51 COMPILER V9.01   MAIN                                                                  05/19/2014 01:17:23 PAGE 1   


C51 COMPILER V9.01, COMPILATION OF MODULE MAIN
OBJECT MODULE PLACED IN main.OBJ
COMPILER INVOKED BY: C:\Keil\C51\BIN\C51.EXE main.c OMF2 BROWSE DEBUG

line level    source

   1          #include "main.h"
   2          #include "..\lib\delay.h"
   3          #include "..\lib\lcd4.h"
   4          #include "..\lib\ADC0808.h"
   5          
   6          void main()
   7          {
   8   1              unsigned char adc_value;
   9   1              unsigned int voltage;
  10   1      
  11   1              ADC0808_Init();
  12   1              Lcd_Init();
  13   1      
  14   1              //Lcd_Out(1,1,"Hello ");
  15   1              while(1)
  16   1              {
  17   2                      adc_value = ADC0808_Read(1);
  18   2      
  19   2                      Lcd_Chr(1,1,adc_value/100+0x30);
  20   2                      Lcd_Chr_Cp(adc_value%100/10+0x30);
  21   2                      Lcd_Chr_Cp(adc_value%10+0x30);
  22   2      
  23   2                      voltage = adc_value * 19.61f;
  24   2      
  25   2                      Lcd_Chr(2,1,voltage/1000+0x30);
  26   2                      Lcd_Chr_Cp('.');
  27   2                      Lcd_Chr_Cp(voltage%1000/100+0x30);
  28   2                      Lcd_Chr_Cp(voltage%100/10+0x30);
  29   2                      Lcd_Chr_Cp(voltage%10+0x30);
  30   2      
  31   2                      Delay_ms(500);   
  32   2              }
  33   1      }
  34          
  35                                                     


MODULE INFORMATION:   STATIC OVERLAYABLE
   CODE SIZE        =    198    ----
   CONSTANT SIZE    =   ----    ----
   XDATA SIZE       =   ----    ----
   PDATA SIZE       =   ----    ----
   DATA SIZE        =   ----       3
   IDATA SIZE       =   ----    ----
   BIT SIZE         =   ----    ----
   EDATA SIZE       =   ----    ----
   HDATA SIZE       =   ----    ----
   XDATA CONST SIZE =   ----    ----
   FAR CONST SIZE   =   ----    ----
END OF MODULE INFORMATION.


C51 COMPILATION COMPLETE.  0 WARNING(S),  0 ERROR(S)
