A51 MACRO ASSEMBLER  DEN_GIAO_THONG                                                       12/12/2018 17:09:03 PAGE     1


MACRO ASSEMBLER A51 V8.02
OBJECT MODULE PLACED IN den_giao_thong.OBJ
ASSEMBLER INVOKED BY: E:\lap trinh 8051\Keil 4\C51\BIN\A51.EXE den_giao_thong.asm SET(SMALL) DEBUG EP

LOC  OBJ            LINE     SOURCE

                       1     ;                 -------------------------------------------------------------------------
                             ------------
                       2      ;----------------------------CHUONG TRINH DEN GIAO THONG------------------------------
                       3      ;----------------------------Fosc= 12MHz----------------------------------------------
                       4      ;-------------------------------------------------------------------------------------
                       5       
                       6      ;-------------Ten cac led 7 thanh
  0080                 7                                     HIENTHI1 DATA P0
  00A0                 8                                     HIENTHI2 DATA P2
                       9     ;----------------Ten led vang xanh do
  00B0                10                                     xanh1 bit P3.0
  00B1                11                                     do1 bit P3.1
  00B2                12                                     vang1 bit P3.2
  00B3                13                                     xanh2 bit P3.3
  00B4                14                                     do2 bit P3.4
  00B5                15                                     vang2 bit P3.5
                      16     ;---------------BIT chon LED cac duong
  0090                17                                     led1 bit P1.0
  0091                18                                     led2 bit P1.1
                      19     
                      20     ;------------------Ten cac bien
  0030                21                                     t DATA 0030H;
                      22     ;--------------Bien thoi gian hien thi lED 7 thanh
  0031                23                                     TG1 DATA 031H
  0032                24                                     TG2 DATA 032H
                      25     ;----------------Noi luu gia tri thoi gian
  0033                26                                     Tx1 DATA 033H
  0034                27                                     Tv1 DATA 034H
  0035                28                                     Td1 DATA 035H
                      29                                             
  0036                30                                     Tx2     DATA 036H
  0037                31                                     Tv2 DATA 037H
  0038                32                                     Td2 DATA 038H
                      33     
                      34     ;---------------Ten bien trang thai den
  0039                35                                     TT1 DATA 039H
  0040                36                                     TT2 DATA 040h
                      37     ;---------------BIEN LUU DU LIEU sau XU LY
  0041                38                                     DATALED11 DATA 41H
  0042                39                                     DATALED12 DATA 42H
  0043                40                                     DATALED21 DATA 43H
  0044                41                                     DATALED22 DATA 44H
                      42     
                      43     
0000                  44                                     ORG 000H
0000 020143           45                                     LJMP MAIN
000B                  46                                     ORG 00BH
000B 02007B           47                                     LJMP TIME1S
                      48     
                      49     
                      50     
0030                  51                                     ORG 0030H
0030 758901           52     KHOITAO:                MOV TMOD, #01H
0033 D2AF             53                                     SETB EA;
0035 758CB1           54                                     MOV TH0, #0B1H
0038 758AE0           55                                     MOV TL0, #0E0H
003B D2A9             56                                     SETB ET0
                      57     ;----------------Gia tri dat cho cac duong theo nhu cau thuc te                         
A51 MACRO ASSEMBLER  DEN_GIAO_THONG                                                       12/12/2018 17:09:03 PAGE     2

003D 75331A           58                                     MOV Tx1, #26
0040 753403           59                                     MOV Tv1, #3
0043 75351E           60                                     MOV Td1, #30
0046 753703           61                                     MOV Tv2, #3
0049 75361A           62                                     MOV Tx2, #26
004C 75381E           63                                     MOV Td2, #30
                      64     ;---------------Tinh toan cac thong so dua vao du lieu dat                              
004F E533             65                                     MOV A, Tx1;
0051 D3               66                                     SETB C;
0052 3534             67                                     ADDC A, Tv1
0054 F538             68                                     MOV Td2, A;
                      69                                     
0056 D3               70                                     SETB C;
0057 E535             71                                     MOV A, Td1
0059 9537             72                                     SUBB A, Tv2
005B F536             73                                     MOV Tx2, A
                      74     ;----------------Gia tri khoi tao cho cac duong
005D 753900           75                                     MOV TT1, #0
0060 853331           76                                     MOV TG1, Tx1    
0063 C2B1             77                                     CLR Do1
0065 C2B2             78                                     CLR vang1
0067 D2B0             79                                     SETB Xanh1
                      80                                     
0069 754002           81                                     MOV TT2, #2
006C 853832           82                                     MOV TG2, Td2
006F C2B3             83                                     CLR Xanh2
0071 C2B5             84                                     CLR Vang2
0073 D2B4             85                                     SETB Do2
                      86                                     
0075 D28C             87                                     SETB TR0                
0077 900149           88                                     MOV DPTR, #LEDOUT;
007A 22               89                                     RET
                      90     
                      91     
                      92     
                      93      ;-----------------------------------------DEM giay----------------------------------------
                             ----------
007B 758CB1           94     TIME1S:                 MOV TH0, #0B1H
007E 758AE0           95                                     MOV TL0, #0E0H; nagt timer 20ms
0081 D28C             96                                     SETB TR0;       
0083 E530             97                                     MOV A,t
0085 1530             98                                     DEC t;
0087 B4000B           99                                     CJNE A, #0, CONTINUE
                     100     ;--------------sau 1s giay                              
008A 753032          101                                     MOV t, #50                              
008D 1198            102                                     ACALL DUONG1
008F 11FC            103                                     ACALL XULY1                     
0091 11CA            104                                     ACALL DUONG2
0093 310B            105                                     ACALL XULY2                             
0095 3128            106     CONTINUE:               ACALL HIENTHI; tan so quet led la 50Hz
0097 32              107                                     RETI 
                     108     
                     109     
                     110     ;-----------------------------Chuong tinh tinh giay duong so 1
0098 E531            111                                     DUONG1: MOV A, TG1
009A 1531            112                                                     DEC TG1
009C B4002A          113                                                     CJNE A, #0,CONTINUED1
009F E539            114                                                     MOV A, TT1
                     115                                                     
00A1 B4000C          116                                                     SANGVANG1:      CJNE A, #0, SANGDO1
00A4 753901          117                                                                             MOV TT1, #1
00A7 C2B0            118                                                                             CLR xanh1
00A9 D2B2            119                                                                             SETB vang1
00AB 853431          120                                                                             MOV TG1, Tv1
00AE 8019            121                                                                             SJMP CONTINUED1 
                     122                                                                             
A51 MACRO ASSEMBLER  DEN_GIAO_THONG                                                       12/12/2018 17:09:03 PAGE     3

00B0 B4010C          123                                                     SANGDO1:        CJNE A, #1, SANGXANH1
00B3 753902          124                                                                             MOV TT1, #2
00B6 C2B2            125                                                                             CLR vang1
00B8 D2B1            126                                                                             SETB do1
00BA 853531          127                                                                             MOV TG1, Td1
00BD 800A            128                                                                             SJMP CONTINUED1
                     129                                                     
                     130                                                     
00BF 753900          131                                                     SANGXANH1:      MOV TT1, #0
00C2 C2B1            132                                                                             CLR do1
00C4 D2B0            133                                                                             SETB xanh1
00C6 853331          134                                                                             MOV TG1, Tx1       
                                                          
                     135                                                                             
00C9 22              136                                     CONTINUED1:     RET     
                     137                                             
                     138                                             
                     139                                             
                     140     ;-----------------------------Chuong tinh tinh giay duong so 2
00CA E532            141                                     DUONG2: MOV A, TG2
00CC 1532            142                                                     DEC TG2
00CE B4002A          143                                                     CJNE A, #0,CONTINUED2
00D1 E540            144                                                     MOV A, TT2
                     145                                                     
00D3 B4000C          146                                                     SANGVANG2:      CJNE A, #0, SANGDO2
00D6 754001          147                                                                             MOV TT2, #1
00D9 C2B3            148                                                                             CLR xanh2
00DB D2B5            149                                                                             SETB vang2
00DD 853732          150                                                                             MOV TG2, Tv2
00E0 8019            151                                                                             SJMP CONTINUED2 
                     152                                                                             
00E2 B4010C          153                                                     SANGDO2:        CJNE A, #1, SANGXANH2
00E5 754002          154                                                                             MOV TT2, #2
00E8 C2B5            155                                                                             CLR vang2
00EA D2B4            156                                                                             SETB do2
00EC 853832          157                                                                             MOV TG2, Td2
00EF 800A            158                                                                             SJMP CONTINUED2
                     159                                                     
                     160                                                     
00F1 754000          161                                                     SANGXANH2:      MOV TT2, #0
00F4 C2B4            162                                                                             CLR do2
00F6 D2B3            163                                                                             SETB xanh2
00F8 853632          164                                                                             MOV TG2, Tx2       
                                                  
                     165                                                                             
00FB 22              166                                     CONTINUED2:     RET     
                     167                                     
                     168                                     
                     169     ;-----------------Chuyen doi thoi gian sang ma BCD-----------------------------------   
00FC                 170     XULY1:
                     171     ;---------------hang chuc
00FC E531            172                                     MOV A, TG1;
00FE 75F00A          173                                     MOV B, #10
0101 84              174                                     DIV AB
0102 93              175                                     MOVC A, @A+DPTR                         
0103 F541            176                                     MOV DATALED11, A
                     177     ;---------------Hang don vi
0105 E5F0            178                                     MOV A, B
0107 93              179                                     MOVC A, @A+DPTR                         
0108 F542            180                                     MOV DATALED12,A
010A 22              181                                     RET
                     182                                     
                     183                                     
010B                 184     XULY2:
                     185     ;---------------hang chuc
010B E532            186                                     MOV A, TG2;
A51 MACRO ASSEMBLER  DEN_GIAO_THONG                                                       12/12/2018 17:09:03 PAGE     4

010D 75F00A          187                                     MOV B, #10
0110 84              188                                     DIV AB
0111 93              189                                     MOVC A, @A+DPTR                         
0112 F500            190                                     MOV duong2,A
*** _____________________________________________________________^
*** ERROR #A48 IN 190 (den_giao_thong.asm, LINE 190): DATA-ADDRESS EXPECTED
0114                 191                                     SETB led21
*** ______________________________________________________________^
*** ERROR #A45 IN 191 (den_giao_thong.asm, LINE 191): UNDEFINED SYMBOL (PASS-2)
0116                 192                                     ACALL DELAY
*** _______________________________________________________________^
*** ERROR #A45 IN 192 (den_giao_thong.asm, LINE 192): UNDEFINED SYMBOL (PASS-2)
0118                 193                                     CLR led21
*** _____________________________________________________________^
*** ERROR #A45 IN 193 (den_giao_thong.asm, LINE 193): UNDEFINED SYMBOL (PASS-2)
                     194     ;---------------Hang don vi
011A E5F0            195                                     MOV A, B
011C 93              196                                     MOVC A, @A+DPTR                         
011D F500            197                                     MOV duong2,A
*** _____________________________________________________________^
*** ERROR #A48 IN 197 (den_giao_thong.asm, LINE 197): DATA-ADDRESS EXPECTED
011F                 198                                     SETB led20
*** ______________________________________________________________^
*** ERROR #A45 IN 198 (den_giao_thong.asm, LINE 198): UNDEFINED SYMBOL (PASS-2)
0121                 199                                     ACALL DELAY
*** _______________________________________________________________^
*** ERROR #A45 IN 199 (den_giao_thong.asm, LINE 199): UNDEFINED SYMBOL (PASS-2)
0123                 200                                     CLR led20
*** _____________________________________________________________^
*** ERROR #A45 IN 200 (den_giao_thong.asm, LINE 200): UNDEFINED SYMBOL (PASS-2)
                     201     
0125 8001            202                                     SJMP HIENTHI
0127 22              203                                     RET
                     204     
                     205     
                     206     ;--------------------------------Chuong trinh hien thi so giay va den-------------------------------------
0128 209102          207     HIENTHI:                JB LED2, HIENTHILED1
012B 800B            208                                     SJMP HIENTHILED2                        
012D                 209                                     HIENTHILED1:
012D C291            210                                     CLR LED2
012F D290            211                                     SETB LED1
0131 854180          212                                     MOV HIENTHI1, DATALED11
0134 8543A0          213                                     MOV HIENTHI2, DATALED21
0137 22              214                                     RET
0138                 215                                     HIENTHILED2:
0138 C290            216                                     CLR LED1
013A D291            217                                     SETB LED2
013C 854280          218                                     MOV HIENTHI1, DATALED12
013F 8544A0          219                                     MOV HIENTHI2, DATALED22
0142 22              220                                     RET
                     221                     
                     222     ;--------------Chuong trinh chinh
                     223     
                     224     
0143 1130            225     MAIN:           ACALL KHOITAO
0145 3128            226                             acall HIENTHI
0147 80FE            227             WAIT:   SJMP WAIT
0149 C0F9A4B0        228             LEDOUT: DB 0C0H,0F9H,0A4H,0B0H,99H,92H,82H,0F8H,80H,90H,89H; Chuyen doi BCD
014D 999282F8                
0151 809089                  
                     229                             END;
A51 MACRO ASSEMBLER  DEN_GIAO_THONG                                                       12/12/2018 17:09:03 PAGE     5

SYMBOL TABLE LISTING
------ ----- -------


N A M E             T Y P E  V A L U E   ATTRIBUTES

B. . . . . . . . .  D ADDR   00F0H   A   
CONTINUE . . . . .  C ADDR   0095H   A   
CONTINUED1 . . . .  C ADDR   00C9H   A   
CONTINUED2 . . . .  C ADDR   00FBH   A   
DATALED11. . . . .  D ADDR   0041H   A   
DATALED12. . . . .  D ADDR   0042H   A   
DATALED21. . . . .  D ADDR   0043H   A   
DATALED22. . . . .  D ADDR   0044H   A   
DELAY. . . . . . .    ----   -----       
DO1. . . . . . . .  B ADDR   00B0H.1 A   
DO2. . . . . . . .  B ADDR   00B0H.4 A   
DUONG1 . . . . . .  C ADDR   0098H   A   
DUONG2 . . . . . .  C ADDR   00CAH   A   
EA . . . . . . . .  B ADDR   00A8H.7 A   
ET0. . . . . . . .  B ADDR   00A8H.1 A   
HIENTHI. . . . . .  C ADDR   0128H   A   
HIENTHI1 . . . . .  D ADDR   0080H   A   
HIENTHI2 . . . . .  D ADDR   00A0H   A   
HIENTHILED1. . . .  C ADDR   012DH   A   
HIENTHILED2. . . .  C ADDR   0138H   A   
KHOITAO. . . . . .  C ADDR   0030H   A   
LED1 . . . . . . .  B ADDR   0090H.0 A   
LED2 . . . . . . .  B ADDR   0090H.1 A   
LED20. . . . . . .    ----   -----       
LED21. . . . . . .    ----   -----       
LEDOUT . . . . . .  C ADDR   0149H   A   
MAIN . . . . . . .  C ADDR   0143H   A   
P0 . . . . . . . .  D ADDR   0080H   A   
P1 . . . . . . . .  D ADDR   0090H   A   
P2 . . . . . . . .  D ADDR   00A0H   A   
P3 . . . . . . . .  D ADDR   00B0H   A   
SANGDO1. . . . . .  C ADDR   00B0H   A   
SANGDO2. . . . . .  C ADDR   00E2H   A   
SANGVANG1. . . . .  C ADDR   00A1H   A   
SANGVANG2. . . . .  C ADDR   00D3H   A   
SANGXANH1. . . . .  C ADDR   00BFH   A   
SANGXANH2. . . . .  C ADDR   00F1H   A   
T. . . . . . . . .  D ADDR   0030H   A   
TD1. . . . . . . .  D ADDR   0035H   A   
TD2. . . . . . . .  D ADDR   0038H   A   
TG1. . . . . . . .  D ADDR   0031H   A   
TG2. . . . . . . .  D ADDR   0032H   A   
TH0. . . . . . . .  D ADDR   008CH   A   
TIME1S . . . . . .  C ADDR   007BH   A   
TL0. . . . . . . .  D ADDR   008AH   A   
TMOD . . . . . . .  D ADDR   0089H   A   
TR0. . . . . . . .  B ADDR   0088H.4 A   
TT1. . . . . . . .  D ADDR   0039H   A   
TT2. . . . . . . .  D ADDR   0040H   A   
TV1. . . . . . . .  D ADDR   0034H   A   
TV2. . . . . . . .  D ADDR   0037H   A   
TX1. . . . . . . .  D ADDR   0033H   A   
TX2. . . . . . . .  D ADDR   0036H   A   
VANG1. . . . . . .  B ADDR   00B0H.2 A   
VANG2. . . . . . .  B ADDR   00B0H.5 A   
WAIT . . . . . . .  C ADDR   0147H   A   
XANH1. . . . . . .  B ADDR   00B0H.0 A   
XANH2. . . . . . .  B ADDR   00B0H.3 A   
XULY1. . . . . . .  C ADDR   00FCH   A   
XULY2. . . . . . .  C ADDR   010BH   A   
A51 MACRO ASSEMBLER  DEN_GIAO_THONG                                                       12/12/2018 17:09:03 PAGE     6



REGISTER BANK(S) USED: 0 


ASSEMBLY COMPLETE.  0 WARNING(S), 8 ERROR(S)
