A51 MACRO ASSEMBLER  TRAFFICLIGHT                                                         12/16/2018 20:14:43 PAGE     1


MACRO ASSEMBLER A51 V8.02b
OBJECT MODULE PLACED IN TrafficLight.OBJ
ASSEMBLER INVOKED BY: C:\Keil\C51\BIN\A51.EXE TrafficLight.a51 SET(SMALL) DEBUG EP

LOC  OBJ            LINE     SOURCE

  0030                 1     XANH_1 DATA 30h
  0031                 2     DO_1 DATA 31h
  0032                 3     VANG_1 DATA 32h
  0033                 4     XANH_2 DATA 33h
  0034                 5     DO_2 DATA 34h
  0035                 6     VANG_2 DATA 35h
  0036                 7     DV_1 DATA 36h
  0037                 8     C_1 DATA 37h
  0038                 9     DV_2 DATA 38h
  0039                10     C_2 DATA 39h
  0080                11     LED_X1 BIT P0.0
  0081                12     LED_V1 BIT P0.1
  0082                13     LED_D1 BIT P0.2
  0083                14     LED_X2 BIT P0.3
  0084                15     LED_V2 BIT P0.4
  0085                16     LED_D2 BIT P0.5
  00B3                17     LED_C1 BIT P3.3
  00B2                18     LED_DV1 BIT P3.2
  00B1                19     LED_C2 BIT P3.1
  00B0                20     LED_DV2 BIT P3.0
                      21     
0000                  22     ORG 000H
0000 020030           23     LJMP MAIN
                      24     
000B                  25     ORG 000BH
000B C28C             26     CLR TR0                         ;tat Timer
000D 758AAF           27     MOV TL0, #0AFH          ;set thoi gian dem 50000
0010 758C3C           28     MOV TH0, #03CH          ;tuong duong voi 50ms
0013 0A               29     INC R2                          ;tang r2 20 lan de co duoc tre 1s
0014 D28C             30     SETB TR0                        ;bat Timer
0016 32               31     RETI
                      32     
0030                  33     ORG 0030H
0030                  34     MAIN:
0030 758901           35     MOV TMOD, #01H          ;su dung timer 0, mode 1
0033 758AAF           36     MOV TL0, #0AFH          ;nap gia tri ban dau cho TL0,TH0 (k quan trong)
0036 758C3C           37     MOV TH0, #03CH
0039 C28D             38     CLR TF0                         ;xoa co TF
003B 75A882           39     MOV IE,#10000010B       ;cho phep ngat timer 0
003E                  40     START:
                      41     ;MOV P0,#00001100B      ;bat den do 1 va xanh 2
003E 758000           42     MOV P0,#0
0041 D282             43     SETB LED_D1
0043 D283             44     SETB LED_X2
0045 753016           45     MOV XANH_1,#22          ;nap cac gia tri dau cho xanh,do,vang
0048 753119           46     MOV DO_1,#25
004B 753203           47     MOV VANG_1,#3
004E 753316           48     MOV XANH_2,#22
0051 753419           49     MOV DO_2,#25
0054 753503           50     MOV VANG_2,#3
                      51     
0057                  52     SHOW_D1_X2:
0057 D28C             53     SETB TR0                        ;khoi dong bo timer
0059 A831             54     MOV R0,DO_1                     ;nap thoi gian den do vao R0
005B A933             55     MOV R1, XANH_2          ;nap thoi gian den xanh vao R1
005D 1200C4           56     LCALL TACHSO            ;thuc hien tach so trong cac thanh ghi R0 va R1
0060 7A00             57     MOV R2, #0                      ;xoa R2
0062                  58     AGAIN_1:
A51 MACRO ASSEMBLER  TRAFFICLIGHT                                                         12/16/2018 20:14:43 PAGE     2

0062 1200DB           59     LCALL HIENTHI           ;hien thi cac gia tri ra led
0065 BA12FA           60     CJNE R2,#18,AGAIN_1     ;dung vong lap de tao tre 1s dong thoi quet LED lien tuc 
0068 1531             61     DEC DO_1                        ;sau moi vong lap giam gia tri hien thi di 1
006A 1533             62     DEC XANH_2
006C D9E9             63     DJNZ R1,SHOW_D1_X2
006E C283             64     CLR LED_X2
0070 D284             65     SETB LED_V2
                      66     ;MOV P0,#00010100B      ;hien thi den do 1 va vang 2
0072                  67     SHOW_D1_V2:
0072 A935             68     MOV R1,VANG_2
0074 A831             69     MOV R0,DO_1
0076 1200C4           70     LCALL TACHSO
0079 7A00             71     MOV R2,#0                       ;thuc hien tuong tu cac thao tac o tren
007B                  72     AGAIN_2:
007B 1200DB           73     LCALL HIENTHI
007E BA12FA           74     CJNE R2,#18,AGAIN_2
0081 1531             75     DEC DO_1
0083 1535             76     DEC VANG_2
0085 D9EB             77     DJNZ R1,SHOW_D1_V2
0087 C282             78     CLR LED_D1
0089 C284             79     CLR LED_V2
008B D280             80     SETB LED_X1
008D D285             81     SETB LED_D2
                      82     ;MOV P0,#00100001B      ;hien thi den do 2 va xanh 1
                      83     
008F                  84     SHOW_D2_X1:
008F A830             85     MOV R0,XANH_1
0091 A934             86     MOV R1,DO_2
0093 1200C4           87     LCALL TACHSO
0096 7A00             88     MOV R2,#0                       ;thuc hien tuong tu cac thao tac o tren
0098                  89     AGAIN_3:
0098 1200DB           90     LCALL HIENTHI
009B BA12FA           91     CJNE R2,#18,AGAIN_3
009E 1534             92     DEC DO_2
00A0 1530             93     DEC XANH_1
00A2 D8EB             94     DJNZ R0,SHOW_D2_X1
00A4 C280             95     CLR LED_X1
00A6 D281             96     SETB LED_V1
                      97     ;MOV P0,#00100010B      ;hien thi den do 2 va vang 1
                      98     
00A8                  99     SHOW_D2_V1:
00A8 A832            100     MOV R0,VANG_1
00AA A934            101     MOV R1,DO_2
00AC 1200C4          102     LCALL TACHSO
00AF 7A00            103     MOV R2,#0                       ;thuc hien tuong tu cac thao tac o tren
00B1                 104     AGAIN_4:
00B1 1200DB          105     LCALL HIENTHI
00B4 BA12FA          106     CJNE R2,#18,AGAIN_4
00B7 1534            107     DEC DO_2
00B9 1532            108     DEC VANG_1
00BB D8EB            109     DJNZ R0,SHOW_D2_V1
00BD C281            110     CLR LED_V1
00BF C285            111     CLR LED_D2
                     112     
00C1 02003E          113     LJMP START                      ;quay lai thuc hien tu dau
                     114     ;-----------------------
00C4                 115     TACHSO:                 ;tach cac so trong thanh ghi R0 va R1
00C4 E8              116     MOV A,R0                ;tach bien 1
00C5 75F00A          117     MOV B,#10               ;chia bien 1 cho 10, hang chuc luu vao C_1 hang don vi luu vao DV_1
00C8 84              118     DIV AB
00C9 F537            119     MOV C_1, A
00CB E5F0            120     MOV A,B
00CD F536            121     MOV DV_1,A
00CF E9              122     MOV A,R1                ;tach bien 2
00D0 75F00A          123     MOV B,#10               ;chia bien 2 cho 10, hang chuc luu vao C_2 hang don vi luu vao DV_2
00D3 84              124     DIV AB
A51 MACRO ASSEMBLER  TRAFFICLIGHT                                                         12/16/2018 20:14:43 PAGE     3

00D4 F539            125     MOV C_2, A
00D6 E5F0            126     MOV A,B
00D8 F538            127     MOV DV_2,A
00DA 22              128     RET
                     129     ;-----------------------
00DB                 130     HIENTHI:                ;hien thi lan luot cac LED su dung chan P1
00DB 90011B          131     MOV DPTR,#MALED
                     132     
00DE D2B2            133     SETB LED_DV1
00E0 E536            134     MOV A,DV_1
00E2 93              135     MOVC A, @A + DPTR
00E3 F590            136     MOV P1,A
00E5 12010D          137     LCALL DELAY
00E8 C2B2            138     CLR LED_DV1
                     139     
00EA D2B3            140     SETB LED_C1
00EC E537            141     MOV A,C_1
00EE 93              142     MOVC A, @A + DPTR
00EF F590            143     MOV P1,A
00F1 12010D          144     LCALL DELAY
00F4 C2B3            145     CLR LED_C1
                     146     
00F6 D2B0            147     SETB LED_DV2
00F8 E538            148     MOV A,DV_2
00FA 93              149     MOVC A, @A + DPTR
00FB F590            150     MOV P1, A
00FD 310D            151     ACALL DELAY
00FF C2B0            152     CLR LED_DV2
                     153     
0101 D2B1            154     SETB LED_C2
0103 E539            155     MOV A, C_2
0105 93              156     MOVC A, @A + DPTR
0106 F590            157     MOV P1, A
0108 310D            158     ACALL DELAY
010A C2B1            159     CLR LED_C2
010C 22              160     RET
                     161     ;------------------------
010D                 162     DELAY:
010D 7F05            163     MOV R7, #5
010F 7E64            164     DELAY_1: MOV R6, #100
0111 DEFE            165     DELAY_2: DJNZ R6, DELAY_2
0113 DFFA            166     DJNZ R7, DELAY_1
0115 22              167     RET
                     168     ;------------------------
0116                 169     DL_LED:
0116 7DFF            170     MOV R5,#0FFH
0118 DDFE            171     DJNZ R5,$
011A 22              172     RET
                     173     ;------------------------
011B                 174     MALED:
011B C0F9A4B0        175     DB 0C0H, 0F9H, 0A4H, 0B0H, 099H, 092H, 082H, 0F8H, 080H, 090H
011F 999282F8                
0123 8090                    
                     176     END
                             
                             
                             
A51 MACRO ASSEMBLER  TRAFFICLIGHT                                                         12/16/2018 20:14:43 PAGE     4

SYMBOL TABLE LISTING
------ ----- -------


N A M E             T Y P E  V A L U E   ATTRIBUTES

AGAIN_1. . . . . .  C ADDR   0062H   A   
AGAIN_2. . . . . .  C ADDR   007BH   A   
AGAIN_3. . . . . .  C ADDR   0098H   A   
AGAIN_4. . . . . .  C ADDR   00B1H   A   
B. . . . . . . . .  D ADDR   00F0H   A   
C_1. . . . . . . .  D ADDR   0037H   A   
C_2. . . . . . . .  D ADDR   0039H   A   
DELAY. . . . . . .  C ADDR   010DH   A   
DELAY_1. . . . . .  C ADDR   010FH   A   
DELAY_2. . . . . .  C ADDR   0111H   A   
DL_LED . . . . . .  C ADDR   0116H   A   
DO_1 . . . . . . .  D ADDR   0031H   A   
DO_2 . . . . . . .  D ADDR   0034H   A   
DV_1 . . . . . . .  D ADDR   0036H   A   
DV_2 . . . . . . .  D ADDR   0038H   A   
HIENTHI. . . . . .  C ADDR   00DBH   A   
IE . . . . . . . .  D ADDR   00A8H   A   
LED_C1 . . . . . .  B ADDR   00B0H.3 A   
LED_C2 . . . . . .  B ADDR   00B0H.1 A   
LED_D1 . . . . . .  B ADDR   0080H.2 A   
LED_D2 . . . . . .  B ADDR   0080H.5 A   
LED_DV1. . . . . .  B ADDR   00B0H.2 A   
LED_DV2. . . . . .  B ADDR   00B0H.0 A   
LED_V1 . . . . . .  B ADDR   0080H.1 A   
LED_V2 . . . . . .  B ADDR   0080H.4 A   
LED_X1 . . . . . .  B ADDR   0080H.0 A   
LED_X2 . . . . . .  B ADDR   0080H.3 A   
MAIN . . . . . . .  C ADDR   0030H   A   
MALED. . . . . . .  C ADDR   011BH   A   
P0 . . . . . . . .  D ADDR   0080H   A   
P1 . . . . . . . .  D ADDR   0090H   A   
P3 . . . . . . . .  D ADDR   00B0H   A   
SHOW_D1_V2 . . . .  C ADDR   0072H   A   
SHOW_D1_X2 . . . .  C ADDR   0057H   A   
SHOW_D2_V1 . . . .  C ADDR   00A8H   A   
SHOW_D2_X1 . . . .  C ADDR   008FH   A   
START. . . . . . .  C ADDR   003EH   A   
TACHSO . . . . . .  C ADDR   00C4H   A   
TF0. . . . . . . .  B ADDR   0088H.5 A   
TH0. . . . . . . .  D ADDR   008CH   A   
TL0. . . . . . . .  D ADDR   008AH   A   
TMOD . . . . . . .  D ADDR   0089H   A   
TR0. . . . . . . .  B ADDR   0088H.4 A   
VANG_1 . . . . . .  D ADDR   0032H   A   
VANG_2 . . . . . .  D ADDR   0035H   A   
XANH_1 . . . . . .  D ADDR   0030H   A   
XANH_2 . . . . . .  D ADDR   0033H   A   


REGISTER BANK(S) USED: 0 


ASSEMBLY COMPLETE.  0 WARNING(S), 0 ERROR(S)
